<?xml version="1.0" encoding="UTF-8"?>
<!-- Generated by org.testng.reporters.JUnitReportReporter -->
<testsuite hostname="L7KM63J3" failures="0" tests="3" name="Temenos.TestCases.SubmitOrderTest" time="30.312" errors="0" timestamp="2023-05-21T20:24:31 IST" skipped="0">
  <testcase classname="Temenos.TestCases.SubmitOrderTest" name="SubmitOrder" time="11.016"/>
  <system-out/>
  <testcase classname="Temenos.TestCases.SubmitOrderTest" name="SubmitOrder" time="13.492"/>
  <system-out/>
  <testcase classname="Temenos.TestCases.SubmitOrderTest" name="validateOrderPage" time="5.804"/>
  <system-out/>
</testsuite> <!-- Temenos.TestCases.SubmitOrderTest -->
